octokit.rest.search.issuesAndPullRequests() is deprecated, see https://docs.github.com/rest/search/search#search-issues-and-pull-requests
octokit.rest.search.issuesAndPullRequests() is deprecated, see https://docs.github.com/rest/search/search#search-issues-and-pull-requests
octokit.rest.search.issuesAndPullRequests() is deprecated, see https://docs.github.com/rest/search/search#search-issues-and-pull-requests
octokit.rest.search.issuesAndPullRequests() is deprecated, see https://docs.github.com/rest/search/search#search-issues-and-pull-requests
octokit.rest.search.issuesAndPullRequests() is deprecated, see https://docs.github.com/rest/search/search#search-issues-and-pull-requests
octokit.rest.search.issuesAndPullRequests() is deprecated, see https://docs.github.com/rest/search/search#search-issues-and-pull-requests
octokit.rest.search.issuesAndPullRequests() is deprecated, see https://docs.github.com/rest/search/search#search-issues-and-pull-requests
octokit.rest.search.issuesAndPullRequests() is deprecated, see https://docs.github.com/rest/search/search#search-issues-and-pull-requests
octokit.rest.search.issuesAndPullRequests() is deprecated, see https://docs.github.com/rest/search/search#search-issues-and-pull-requests
octokit.rest.search.issuesAndPullRequests() is deprecated, see https://docs.github.com/rest/search/search#search-issues-and-pull-requests
octokit.rest.search.issuesAndPullRequests() is deprecated, see https://docs.github.com/rest/search/search#search-issues-and-pull-requests
DELETE /repos/shamwow/openarena/issues/1/labels/human-review-needed - 404 with id 3A8A:7567B:648D86:1A58483:69C312B3 in 176ms
DELETE /repos/shamwow/openarena/issues/1/labels/bot-human-intervention - 404 with id 3996:3103F8:653F71:1A5D1E3:69C312B3 in 190ms
DELETE /repos/shamwow/openarena/issues/1/labels/bot-changes-needed - 404 with id 3C28:1664DF:6A63E1:1BB7D7C:69C312B3 in 198ms
DELETE /repos/shamwow/openarena/issues/1/labels/bot-ci-pending - 404 with id 345A:3324DC:6B0D4C:1BC1BE5:69C312B3 in 197ms
octokit.rest.search.issuesAndPullRequests() is deprecated, see https://docs.github.com/rest/search/search#search-issues-and-pull-requests
octokit.rest.search.issuesAndPullRequests() is deprecated, see https://docs.github.com/rest/search/search#search-issues-and-pull-requests
octokit.rest.search.issuesAndPullRequests() is deprecated, see https://docs.github.com/rest/search/search#search-issues-and-pull-requests
octokit.rest.search.issuesAndPullRequests() is deprecated, see https://docs.github.com/rest/search/search#search-issues-and-pull-requests
octokit.rest.search.issuesAndPullRequests() is deprecated, see https://docs.github.com/rest/search/search#search-issues-and-pull-requests
octokit.rest.search.issuesAndPullRequests() is deprecated, see https://docs.github.com/rest/search/search#search-issues-and-pull-requests
octokit.rest.search.issuesAndPullRequests() is deprecated, see https://docs.github.com/rest/search/search#search-issues-and-pull-requests
octokit.rest.search.issuesAndPullRequests() is deprecated, see https://docs.github.com/rest/search/search#search-issues-and-pull-requests
octokit.rest.search.issuesAndPullRequests() is deprecated, see https://docs.github.com/rest/search/search#search-issues-and-pull-requests
octokit.rest.search.issuesAndPullRequests() is deprecated, see https://docs.github.com/rest/search/search#search-issues-and-pull-requests
octokit.rest.search.issuesAndPullRequests() is deprecated, see https://docs.github.com/rest/search/search#search-issues-and-pull-requests
octokit.rest.search.issuesAndPullRequests() is deprecated, see https://docs.github.com/rest/search/search#search-issues-and-pull-requests
octokit.rest.search.issuesAndPullRequests() is deprecated, see https://docs.github.com/rest/search/search#search-issues-and-pull-requests
octokit.rest.search.issuesAndPullRequests() is deprecated, see https://docs.github.com/rest/search/search#search-issues-and-pull-requests
octokit.rest.search.issuesAndPullRequests() is deprecated, see https://docs.github.com/rest/search/search#search-issues-and-pull-requests
octokit.rest.search.issuesAndPullRequests() is deprecated, see https://docs.github.com/rest/search/search#search-issues-and-pull-requests
octokit.rest.search.issuesAndPullRequests() is deprecated, see https://docs.github.com/rest/search/search#search-issues-and-pull-requests
octokit.rest.search.issuesAndPullRequests() is deprecated, see https://docs.github.com/rest/search/search#search-issues-and-pull-requests
DELETE /repos/shamwow/openarena/issues/1/labels/human-review-needed - 404 with id 3E83:80125:FFEC:442CB:69C31B22 in 175ms
DELETE /repos/shamwow/openarena/issues/1/labels/bot-ci-pending - 404 with id 3D25:1D054E:8B2788:244A372:69C31B22 in 215ms
DELETE /repos/shamwow/openarena/issues/1/labels/bot-human-intervention - 404 with id 3969:3A41D3:93E445:267311A:69C31B22 in 270ms
octokit.rest.search.issuesAndPullRequests() is deprecated, see https://docs.github.com/rest/search/search#search-issues-and-pull-requests
octokit.rest.search.issuesAndPullRequests() is deprecated, see https://docs.github.com/rest/search/search#search-issues-and-pull-requests
octokit.rest.search.issuesAndPullRequests() is deprecated, see https://docs.github.com/rest/search/search#search-issues-and-pull-requests
octokit.rest.search.issuesAndPullRequests() is deprecated, see https://docs.github.com/rest/search/search#search-issues-and-pull-requests
octokit.rest.search.issuesAndPullRequests() is deprecated, see https://docs.github.com/rest/search/search#search-issues-and-pull-requests
octokit.rest.search.issuesAndPullRequests() is deprecated, see https://docs.github.com/rest/search/search#search-issues-and-pull-requests
octokit.rest.search.issuesAndPullRequests() is deprecated, see https://docs.github.com/rest/search/search#search-issues-and-pull-requests
octokit.rest.search.issuesAndPullRequests() is deprecated, see https://docs.github.com/rest/search/search#search-issues-and-pull-requests
octokit.rest.search.issuesAndPullRequests() is deprecated, see https://docs.github.com/rest/search/search#search-issues-and-pull-requests
octokit.rest.search.issuesAndPullRequests() is deprecated, see https://docs.github.com/rest/search/search#search-issues-and-pull-requests
DELETE /repos/shamwow/openarena/issues/1/labels/bot-human-intervention - 404 with id 3F37:3324DC:B70DEB:2F611BD:69C3200F in 231ms
DELETE /repos/shamwow/openarena/issues/1/labels/bot-changes-needed - 404 with id 3AA5:1EB561:AAA88C:2C91362:69C3200F in 242ms
DELETE /repos/shamwow/openarena/issues/1/labels/bot-ci-pending - 404 with id 3C73:3324DC:B70DEA:2F611B0:69C3200F in 243ms
DELETE /repos/shamwow/openarena/issues/1/labels/human-review-needed - 404 with id 3F47:C061F:AF4657:2DDB056:69C3200F in 257ms
octokit.rest.search.issuesAndPullRequests() is deprecated, see https://docs.github.com/rest/search/search#search-issues-and-pull-requests
octokit.rest.search.issuesAndPullRequests() is deprecated, see https://docs.github.com/rest/search/search#search-issues-and-pull-requests
octokit.rest.search.issuesAndPullRequests() is deprecated, see https://docs.github.com/rest/search/search#search-issues-and-pull-requests
octokit.rest.search.issuesAndPullRequests() is deprecated, see https://docs.github.com/rest/search/search#search-issues-and-pull-requests
DELETE /repos/shamwow/openarena/issues/1/labels/bot-human-intervention - 404 with id 3D9C:2922C2:1767EF:629938:69C321EF in 176ms
DELETE /repos/shamwow/openarena/issues/1/labels/bot-changes-needed - 404 with id 3CD1:382D31:16FBCD:601E26:69C321EF in 182ms
DELETE /repos/shamwow/openarena/issues/1/labels/human-review-needed - 404 with id 3BC3:3696AA:17E80F:6426DC:69C321EF in 188ms
DELETE /repos/shamwow/openarena/issues/1/labels/bot-ci-pending - 404 with id 3644:10278B:17BC05:6362FB:69C321EF in 197ms
octokit.rest.search.issuesAndPullRequests() is deprecated, see https://docs.github.com/rest/search/search#search-issues-and-pull-requests
octokit.rest.search.issuesAndPullRequests() is deprecated, see https://docs.github.com/rest/search/search#search-issues-and-pull-requests
Failed to parse architecture pass output
octokit.rest.search.issuesAndPullRequests() is deprecated, see https://docs.github.com/rest/search/search#search-issues-and-pull-requests
POST /repos/shamwow/openarena/pulls/1/reviews - 422 with id 3CA6:1EF208:15E14:5D6FA:69C32388 in 656ms
POST /repos/shamwow/openarena/pulls/1/reviews - 422 with id 3CA6:1EF208:163FA:5EFE6:69C32388 in 307ms
DELETE /repos/shamwow/openarena/issues/1/labels/bot-changes-needed - 404 with id 3999:2202AD:1FB74:8036E:69C3238E in 415ms
DELETE /repos/shamwow/openarena/issues/1/labels/human-review-needed - 404 with id 3CC2:16BE88:0137:05F0:69C3238E in 432ms
DELETE /repos/shamwow/openarena/issues/1/labels/bot-human-intervention - 404 with id 3B6F:17BEB7:1138C:4887E:69C3238E in 439ms
octokit.rest.search.issuesAndPullRequests() is deprecated, see https://docs.github.com/rest/search/search#search-issues-and-pull-requests
DELETE /repos/shamwow/openarena/issues/1/labels/bot-ci-pending - 404 with id 3EB5:286F19:FCC0:427EE:69C3238E in 445ms
octokit.rest.search.issuesAndPullRequests() is deprecated, see https://docs.github.com/rest/search/search#search-issues-and-pull-requests
octokit.rest.search.issuesAndPullRequests() is deprecated, see https://docs.github.com/rest/search/search#search-issues-and-pull-requests
Failed to parse architecture pass output
octokit.rest.search.issuesAndPullRequests() is deprecated, see https://docs.github.com/rest/search/search#search-issues-and-pull-requests
Failed to parse detailed pass output
DELETE /repos/shamwow/openarena/issues/1/labels/bot-human-intervention - 404 with id 3B43:2F58CB:95B3A:275D1F:69C32540 in 235ms
DELETE /repos/shamwow/openarena/issues/1/labels/bot-changes-needed - 404 with id 347D:887C9:73BA3:1E7BCC:69C32540 in 246ms
DELETE /repos/shamwow/openarena/issues/1/labels/human-review-needed - 404 with id 3A55:197EE1:94314:26F422:69C32540 in 264ms
DELETE /repos/shamwow/openarena/issues/1/labels/bot-ci-pending - 404 with id 3C12:164975:8DA46:2560AA:69C32540 in 265ms
octokit.rest.search.issuesAndPullRequests() is deprecated, see https://docs.github.com/rest/search/search#search-issues-and-pull-requests
octokit.rest.search.issuesAndPullRequests() is deprecated, see https://docs.github.com/rest/search/search#search-issues-and-pull-requests
octokit.rest.search.issuesAndPullRequests() is deprecated, see https://docs.github.com/rest/search/search#search-issues-and-pull-requests
octokit.rest.search.issuesAndPullRequests() is deprecated, see https://docs.github.com/rest/search/search#search-issues-and-pull-requests
Failed to parse architecture pass output
Failed to parse architecture pass output
octokit.rest.search.issuesAndPullRequests() is deprecated, see https://docs.github.com/rest/search/search#search-issues-and-pull-requests
Failed to parse detailed pass output
DELETE /repos/shamwow/ironsha-ios-test-fixture/issues/80/labels/human-review-needed - 404 with id 36B7:2ADFE7:3672C3:E48265:69C3278C in 201ms
DELETE /repos/shamwow/ironsha-ios-test-fixture/issues/80/labels/bot-ci-pending - 404 with id 3D6C:218E1F:35B9AA:E09E7A:69C3278C in 212ms
DELETE /repos/shamwow/ironsha-ios-test-fixture/issues/80/labels/bot-review-needed - 404 with id 3962:B53BD:348AA6:DC14E0:69C3278C in 220ms
DELETE /repos/shamwow/ironsha-ios-test-fixture/issues/80/labels/bot-human-intervention - 404 with id 3D3D:724DA:34D870:DD2C20:69C3278C in 217ms
Failed to parse architecture pass output
Failed to parse architecture pass output
Failed to parse detailed pass output
DELETE /repos/shamwow/ironsha-ios-test-fixture/issues/82/labels/bot-human-intervention - 404 with id 37B3:153B02:3CE3E1:FDDB1F:69C327AD in 191ms
DELETE /repos/shamwow/ironsha-ios-test-fixture/issues/82/labels/human-review-needed - 404 with id 353B:1B62EC:34AB64:DCA37D:69C327AD in 196ms
DELETE /repos/shamwow/ironsha-ios-test-fixture/issues/82/labels/bot-changes-needed - 404 with id 362E:1B62EC:34AB53:DCA33A:69C327AD in 220ms
DELETE /repos/shamwow/ironsha-ios-test-fixture/issues/82/labels/bot-ci-pending - 404 with id 3687:358254:3589C3:E0B871:69C327AD in 235ms
octokit.rest.search.issuesAndPullRequests() is deprecated, see https://docs.github.com/rest/search/search#search-issues-and-pull-requests
Failed to parse detailed pass output
DELETE /repos/shamwow/ironsha-ios-test-fixture/issues/88/labels/bot-changes-needed - 404 with id 3F19:198F16:C7585:337BF9:69C327F2 in 169ms
DELETE /repos/shamwow/ironsha-ios-test-fixture/issues/88/labels/bot-review-needed - 404 with id 3EDE:13F318:CA1F2:33FABD:69C327F2 in 176ms
DELETE /repos/shamwow/ironsha-ios-test-fixture/issues/88/labels/bot-ci-pending - 404 with id 3705:1540A3:D8623:37EB01:69C327F2 in 181ms
DELETE /repos/shamwow/ironsha-ios-test-fixture/issues/88/labels/bot-human-intervention - 404 with id 36C8:36E865:C6E6A:332317:69C327F2 in 195ms
Failed to parse detailed pass output
DELETE /repos/shamwow/ironsha-ios-test-fixture/issues/85/labels/bot-human-intervention - 404 with id 38FD:35DCEE:C52DF:32B6D8:69C32806 in 213ms
DELETE /repos/shamwow/ironsha-ios-test-fixture/issues/85/labels/bot-ci-pending - 404 with id 3611:108F09:CAB98:33ED8E:69C32806 in 218ms
DELETE /repos/shamwow/ironsha-ios-test-fixture/issues/85/labels/bot-review-needed - 404 with id 343A:1540A3:DF008:39AF73:69C32806 in 221ms
DELETE /repos/shamwow/ironsha-ios-test-fixture/issues/85/labels/human-review-needed - 404 with id 3D59:148712:BE060:30E6B8:69C32806 in 215ms
octokit.rest.search.issuesAndPullRequests() is deprecated, see https://docs.github.com/rest/search/search#search-issues-and-pull-requests
Failed to parse architecture pass output
octokit.rest.search.issuesAndPullRequests() is deprecated, see https://docs.github.com/rest/search/search#search-issues-and-pull-requests
POST /repos/shamwow/ironsha-ios-test-fixture/pulls/89/reviews - 422 with id 36BB:13E6E4:E3925E:3B8D76A:69C328B7 in 713ms
DELETE /repos/shamwow/ironsha-ios-test-fixture/issues/89/labels/bot-review-needed - 404 with id 36BB:13E6E4:E39B27:3B8FC34:69C328B7 in 175ms
DELETE /repos/shamwow/ironsha-ios-test-fixture/issues/89/labels/bot-ci-pending - 404 with id 3C76:32FC61:DFA184:3AB347B:69C328B9 in 240ms
DELETE /repos/shamwow/ironsha-ios-test-fixture/issues/89/labels/bot-changes-needed - 404 with id 3436:3983B2:D68E63:37FEC8F:69C328B9 in 243ms
DELETE /repos/shamwow/ironsha-ios-test-fixture/issues/89/labels/bot-human-intervention - 404 with id 3B65:33DB90:DC906C:39C62A1:69C328B9 in 267ms
octokit.rest.search.issuesAndPullRequests() is deprecated, see https://docs.github.com/rest/search/search#search-issues-and-pull-requests
octokit.rest.search.issuesAndPullRequests() is deprecated, see https://docs.github.com/rest/search/search#search-issues-and-pull-requests
